[debug] [2019-08-10T16:41:14.083Z] ----------------------------------------------------------------------
[debug] [2019-08-10T16:41:14.090Z] Command:       C:\Program Files\nodejs\node.exe C:\Users\Kyle Dang\AppData\Roaming\npm\node_modules\firebase-tools\lib\bin\firebase.js serve
[debug] [2019-08-10T16:41:14.091Z] CLI Version:   7.2.2
[debug] [2019-08-10T16:41:14.091Z] Platform:      win32
[debug] [2019-08-10T16:41:14.091Z] Node Version:  v12.6.0
[debug] [2019-08-10T16:41:14.094Z] Time:          Sat Aug 10 2019 09:41:14 GMT-0700 (Pacific Daylight Time)
[debug] [2019-08-10T16:41:14.094Z] ----------------------------------------------------------------------
[debug] 
[debug] [2019-08-10T16:41:14.115Z] > command requires scopes: ["email","openid","https://www.googleapis.com/auth/cloudplatformprojects.readonly","https://www.googleapis.com/auth/firebase","https://www.googleapis.com/auth/cloud-platform"]
[debug] [2019-08-10T16:41:14.116Z] > authorizing via signed-in user
[debug] [2019-08-10T16:41:14.116Z] [iam] checking project master-food-mobile for permissions ["firebase.projects.get"]
[debug] [2019-08-10T16:41:14.121Z] >>> HTTP REQUEST POST https://cloudresourcemanager.googleapis.com/v1/projects/master-food-mobile:testIamPermissions  

[debug] [2019-08-10T16:41:14.569Z] <<< HTTP RESPONSE 200
[debug] [2019-08-10T16:41:14.581Z] >>> HTTP REQUEST GET https://firebase.googleapis.com/v1beta1/projects/master-food-mobile  
 
[debug] [2019-08-10T16:41:14.900Z] <<< HTTP RESPONSE 200
[info] 
[info] === Serving from 'C:\Users\Kyle Dang\Desktop\FoodWaste'...
[info] 
[debug] [2019-08-10T16:41:14.921Z] >>> HTTP REQUEST GET https://firebase.googleapis.com/v1beta1/projects/master-food-mobile/webApps/-/config  
 
[warn] !  Your requested "node" version "8" doesn't match your global version "12"
[debug] [2019-08-10T16:41:14.965Z] >>> HTTP REQUEST GET https://firebase.googleapis.com/v1beta1/projects/master-food-mobile/adminSdkConfig  
 
[debug] [2019-08-10T16:41:15.243Z] <<< HTTP RESPONSE 200
[debug] [2019-08-10T16:41:15.289Z] <<< HTTP RESPONSE 200
[info] i  hosting: Serving hosting files from: public
[info] +  hosting: Local server: http://localhost:5000
[info] +  functions: Emulator started at http://localhost:5001
[info] i  functions: Watching "C:\Users\Kyle Dang\Desktop\FoodWaste\functions" for Cloud Functions...
[debug] [2019-08-10T16:41:16.771Z] [runtime-status] Functions runtime initialized. {"cwd":"C:\\Users\\Kyle Dang\\Desktop\\FoodWaste\\functions","node_version":"12.6.0"}
[debug] [2019-08-10T16:41:16.771Z] [runtime-status] Disabled runtime features: {"functions_config_helper":true,"network_filtering":true,"timeout":true,"memory_limiting":true,"admin_stubs":true} {}
[debug] [2019-08-10T16:41:16.779Z] [runtime-status] Resolved module firebase-admin {"declared":true,"installed":true,"version":"5.13.1","resolution":"C:\\Users\\Kyle Dang\\Desktop\\FoodWaste\\functions\\node_modules\\firebase-admin\\lib\\index.js"}
[warn] !  The Cloud Functions emulator requires the module "firebase-admin" to be version >8.0.0 so your version is too old. You can probably fix this by running "npm install firebase-admin@latest" in your functions directory.
[info] i  functions: Your functions could not be parsed due to an issue with your node_modules (see above)
