[debug] [2019-08-15T23:36:43.871Z] ----------------------------------------------------------------------
[debug] [2019-08-15T23:36:43.879Z] Command:       C:\Program Files\nodejs\node.exe C:\Users\Kyle Dang\AppData\Roaming\npm\node_modules\firebase-tools\lib\bin\firebase.js serve
[debug] [2019-08-15T23:36:43.880Z] CLI Version:   7.2.2
[debug] [2019-08-15T23:36:43.880Z] Platform:      win32
[debug] [2019-08-15T23:36:43.880Z] Node Version:  v12.6.0
[debug] [2019-08-15T23:36:43.883Z] Time:          Thu Aug 15 2019 16:36:43 GMT-0700 (Pacific Daylight Time)
[debug] [2019-08-15T23:36:43.883Z] ----------------------------------------------------------------------
[debug] 
[debug] [2019-08-15T23:36:43.930Z] > command requires scopes: ["email","openid","https://www.googleapis.com/auth/cloudplatformprojects.readonly","https://www.googleapis.com/auth/firebase","https://www.googleapis.com/auth/cloud-platform"]
[debug] [2019-08-15T23:36:43.932Z] > authorizing via signed-in user
[debug] [2019-08-15T23:36:43.932Z] [iam] checking project master-food-mobile for permissions ["firebase.projects.get"]
[debug] [2019-08-15T23:36:43.937Z] > refreshing access token with scopes: ["email","https://www.googleapis.com/auth/cloud-platform","https://www.googleapis.com/auth/cloudplatformprojects.readonly","https://www.googleapis.com/auth/firebase","openid"]
[debug] [2019-08-15T23:36:43.938Z] >>> HTTP REQUEST POST https://www.googleapis.com/oauth2/v3/token  
 <request body omitted>
[debug] [2019-08-15T23:36:44.222Z] <<< HTTP RESPONSE 200
[debug] [2019-08-15T23:36:44.241Z] >>> HTTP REQUEST POST https://cloudresourcemanager.googleapis.com/v1/projects/master-food-mobile:testIamPermissions  

[debug] [2019-08-15T23:36:44.721Z] <<< HTTP RESPONSE 200
[debug] [2019-08-15T23:36:44.725Z] >>> HTTP REQUEST GET https://firebase.googleapis.com/v1beta1/projects/master-food-mobile  
 
[debug] [2019-08-15T23:36:45.060Z] <<< HTTP RESPONSE 200
[info] 
[info] === Serving from 'C:\Users\Kyle Dang\Desktop\FoodWaste'...
[info] 
[debug] [2019-08-15T23:36:45.080Z] >>> HTTP REQUEST GET https://firebase.googleapis.com/v1beta1/projects/master-food-mobile/webApps/-/config  
 
[warn] !  Your requested "node" version "8" doesn't match your global version "12"
[debug] [2019-08-15T23:36:45.145Z] >>> HTTP REQUEST GET https://firebase.googleapis.com/v1beta1/projects/master-food-mobile/adminSdkConfig  
 
[debug] [2019-08-15T23:36:45.315Z] <<< HTTP RESPONSE 200
[debug] [2019-08-15T23:36:45.498Z] <<< HTTP RESPONSE 200
[info] i  hosting: Serving hosting files from: public
[info] +  hosting: Local server: http://localhost:5000
[info] +  functions: Emulator started at http://localhost:5001
[info] i  functions: Watching "C:\Users\Kyle Dang\Desktop\FoodWaste\functions" for Cloud Functions...
[debug] [2019-08-15T23:36:47.208Z] [runtime-status] Functions runtime initialized. {"cwd":"C:\\Users\\Kyle Dang\\Desktop\\FoodWaste\\functions","node_version":"12.6.0"}
[debug] [2019-08-15T23:36:47.209Z] [runtime-status] Disabled runtime features: {"functions_config_helper":true,"network_filtering":true,"timeout":true,"memory_limiting":true,"admin_stubs":true} {}
[debug] [2019-08-15T23:36:47.218Z] [runtime-status] Resolved module firebase-admin {"declared":true,"installed":true,"version":"5.13.1","resolution":"C:\\Users\\Kyle Dang\\Desktop\\FoodWaste\\functions\\node_modules\\firebase-admin\\lib\\index.js"}
[warn] !  The Cloud Functions emulator requires the module "firebase-admin" to be version >8.0.0 so your version is too old. You can probably fix this by running "npm install firebase-admin@latest" in your functions directory.
[info] i  functions: Your functions could not be parsed due to an issue with your node_modules (see above)
